10.12.2021, 16:16:24 - INFO - Server is running on port: 3030 
10.12.2021, 16:17:22 - INFO - Server is running on port: 3030 
10.12.2021, 16:18:43 - INFO - Server is running on port: 3030 
10.12.2021, 16:20:21 - INFO - Server is running on port: 3030 
10.12.2021, 16:20:38 - INFO - Server is running on port: 3030 
10.12.2021, 16:21:39 - INFO - Server is running on port: 3030 
10.12.2021, 16:21:50 - INFO - Server is running on port: 3030 
10.12.2021, 16:23:15 - INFO - Server is running on port: 3030 
10.12.2021, 16:40:25 - INFO - Server is running on port: 3030 
10.12.2021, 16:41:32 - INFO - Server is running on port: 3030 
10.12.2021, 16:41:48 - INFO - Server is running on port: 3030 
10.12.2021, 16:41:56 - INFO - Server is running on port: 3030 
10.12.2021, 16:42:19 - INFO - Server is running on port: 3030 
10.12.2021, 16:42:41 - INFO - Server is running on port: 3030 
10.12.2021, 16:43:10 - INFO - Server is running on port: 3030 
10.12.2021, 16:43:41 - INFO - Server is running on port: 3030 
10.12.2021, 16:44:05 - INFO - Server is running on port: 3030 
10.12.2021, 16:45:28 - INFO - Server is running on port: 3030 
10.12.2021, 16:46:02 - INFO - Server is running on port: 3030 
10.12.2021, 16:46:15 - INFO - Server is running on port: 3030 
10.12.2021, 16:46:24 - INFO - Server is running on port: 3030 
10.12.2021, 16:46:42 - INFO - Server is running on port: 3030 
10.12.2021, 16:47:16 - INFO - Server is running on port: 3030 
10.12.2021, 16:56:27 - INFO - Server is running on port: 3030 
10.12.2021, 16:58:12 - INFO - Server is running on port: 3030 
10.12.2021, 16:58:18 - ERROR - add note  | ReferenceError: notes is not defined 
10.12.2021, 16:59:27 - INFO - Server is running on port: 3030 
10.12.2021, 17:05:50 - INFO - Server is running on port: 3030 
10.12.2021, 17:06:40 - INFO - Server is running on port: 3030 
10.12.2021, 17:06:47 - INFO - Server is running on port: 3030 
10.12.2021, 17:07:00 - INFO - Server is running on port: 3030 
10.12.2021, 17:07:18 - INFO - Server is running on port: 3030 
10.12.2021, 17:07:43 - INFO - Server is running on port: 3030 
10.12.2021, 17:08:03 - INFO - Server is running on port: 3030 
10.12.2021, 17:09:36 - INFO - Server is running on port: 3030 
10.12.2021, 17:09:59 - INFO - Server is running on port: 3030 
10.12.2021, 17:10:36 - INFO - Server is running on port: 3030 
10.12.2021, 17:11:58 - INFO - Server is running on port: 3030 
10.12.2021, 17:12:03 - ERROR - while delete note  | MongoServerError: BSON field 'delete.deletes.q' is the wrong type 'objectId', expected type 'object' 
10.12.2021, 17:12:03 - ERROR - Failed to delete note | MongoServerError: BSON field 'delete.deletes.q' is the wrong type 'objectId', expected type 'object' 
10.12.2021, 17:12:12 - INFO - Server is running on port: 3030 
10.12.2021, 17:14:03 - INFO - Server is running on port: 3030 
10.12.2021, 17:14:06 - ERROR - while delete note  | MongoServerError: BSON field 'delete.deletes.q' is the wrong type 'objectId', expected type 'object' 
10.12.2021, 17:14:06 - ERROR - Failed to delete note | MongoServerError: BSON field 'delete.deletes.q' is the wrong type 'objectId', expected type 'object' 
10.12.2021, 17:14:15 - INFO - Server is running on port: 3030 
10.12.2021, 17:16:34 - INFO - Server is running on port: 3030 
10.12.2021, 17:16:40 - INFO - Server is running on port: 3030 
10.12.2021, 17:17:03 - INFO - Server is running on port: 3030 
10.12.2021, 17:17:12 - INFO - Server is running on port: 3030 
10.12.2021, 17:17:19 - INFO - Server is running on port: 3030 
10.12.2021, 17:17:24 - INFO - Server is running on port: 3030 
10.12.2021, 17:17:48 - INFO - Server is running on port: 3030 
10.12.2021, 17:18:04 - INFO - Server is running on port: 3030 
10.12.2021, 17:18:36 - INFO - Server is running on port: 3030 
10.12.2021, 17:19:00 - INFO - Server is running on port: 3030 
10.12.2021, 17:19:28 - INFO - Server is running on port: 3030 
10.12.2021, 20:39:36 - INFO - Server is running on port: 3030 
10.12.2021, 20:41:47 - INFO - Server is running on port: 3030 
10.12.2021, 20:44:01 - INFO - Server is running on port: 3030 
10.12.2021, 20:44:42 - INFO - Server is running on port: 3030 
11.12.2021, 19:42:34 - INFO - Server is running on port: 3030 
11.12.2021, 19:44:53 - INFO - Server is running on port: 3030 
11.12.2021, 19:50:29 - INFO - Server is running on port: 3030 
11.12.2021, 19:50:47 - INFO - Server is running on port: 3030 
11.12.2021, 19:56:13 - INFO - Server is running on port: 3030 
11.12.2021, 19:56:50 - INFO - Server is running on port: 3030 
11.12.2021, 19:58:22 - INFO - Server is running on port: 3030 
11.12.2021, 20:01:45 - INFO - Server is running on port: 3030 
11.12.2021, 20:03:09 - INFO - Server is running on port: 3030 
11.12.2021, 20:03:22 - INFO - Server is running on port: 3030 
11.12.2021, 20:04:40 - INFO - Server is running on port: 3030 
11.12.2021, 20:05:28 - INFO - Server is running on port: 3030 
11.12.2021, 20:10:30 - INFO - Server is running on port: 3030 
11.12.2021, 20:10:49 - INFO - Server is running on port: 3030 
11.12.2021, 20:11:42 - INFO - Server is running on port: 3030 
11.12.2021, 20:13:15 - INFO - Server is running on port: 3030 
11.12.2021, 20:14:00 - INFO - Server is running on port: 3030 
11.12.2021, 20:15:46 - INFO - Server is running on port: 3030 
11.12.2021, 20:17:01 - INFO - Server is running on port: 3030 
12.12.2021, 14:54:37 - INFO - Server is running on port: 3030 
12.12.2021, 14:57:06 - INFO - Server is running on port: 3030 
12.12.2021, 14:57:54 - INFO - Server is running on port: 3030 
12.12.2021, 14:58:23 - INFO - Server is running on port: 3030 
12.12.2021, 14:58:36 - INFO - Server is running on port: 3030 
12.12.2021, 14:59:11 - INFO - Server is running on port: 3030 
12.12.2021, 14:59:21 - INFO - Server is running on port: 3030 
12.12.2021, 14:59:32 - INFO - Server is running on port: 3030 
12.12.2021, 15:06:08 - INFO - Server is running on port: 3030 
13.12.2021, 12:08:33 - INFO - Server is running on port: 3030 
13.12.2021, 12:09:51 - INFO - Server is running on port: 3030 
13.12.2021, 12:12:35 - INFO - Server is running on port: 3030 
13.12.2021, 12:12:44 - INFO - Server is running on port: 3030 
13.12.2021, 12:14:42 - INFO - Server is running on port: 3030 
13.12.2021, 12:14:53 - INFO - Server is running on port: 3030 
13.12.2021, 12:20:39 - INFO - Server is running on port: 3030 
13.12.2021, 12:21:02 - INFO - Server is running on port: 3030 
13.12.2021, 12:23:32 - INFO - Server is running on port: 3030 
13.12.2021, 12:26:44 - INFO - Server is running on port: 3030 
13.12.2021, 12:27:38 - INFO - Server is running on port: 3030 
13.12.2021, 12:38:16 - INFO - Server is running on port: 3030 
13.12.2021, 12:43:43 - INFO - Server is running on port: 3030 
13.12.2021, 12:45:41 - INFO - Server is running on port: 3030 
13.12.2021, 12:48:24 - INFO - Server is running on port: 3030 
13.12.2021, 12:51:05 - INFO - Server is running on port: 3030 
13.12.2021, 12:51:27 - INFO - Server is running on port: 3030 
13.12.2021, 12:54:43 - INFO - Server is running on port: 3030 
13.12.2021, 12:56:00 - INFO - Server is running on port: 3030 
13.12.2021, 12:56:20 - INFO - Server is running on port: 3030 
13.12.2021, 12:56:53 - INFO - Server is running on port: 3030 
13.12.2021, 12:58:27 - INFO - Server is running on port: 3030 
13.12.2021, 12:58:37 - INFO - Server is running on port: 3030 
13.12.2021, 13:00:04 - INFO - Server is running on port: 3030 
13.12.2021, 13:00:23 - INFO - Server is running on port: 3030 
13.12.2021, 13:00:42 - INFO - Server is running on port: 3030 
13.12.2021, 13:00:55 - INFO - Server is running on port: 3030 
13.12.2021, 13:03:06 - INFO - Server is running on port: 3030 
13.12.2021, 13:04:22 - INFO - Server is running on port: 3030 
13.12.2021, 13:05:09 - INFO - Server is running on port: 3030 
13.12.2021, 13:05:25 - INFO - Server is running on port: 3030 
13.12.2021, 13:06:19 - INFO - Server is running on port: 3030 
13.12.2021, 13:07:15 - INFO - Server is running on port: 3030 
13.12.2021, 13:08:27 - INFO - Server is running on port: 3030 
13.12.2021, 13:09:27 - INFO - Server is running on port: 3030 
13.12.2021, 13:09:47 - INFO - Server is running on port: 3030 
13.12.2021, 13:09:52 - INFO - Server is running on port: 3030 
13.12.2021, 13:10:09 - INFO - Server is running on port: 3030 
13.12.2021, 13:10:20 - INFO - Server is running on port: 3030 
13.12.2021, 13:10:41 - INFO - Server is running on port: 3030 
13.12.2021, 13:10:56 - INFO - Server is running on port: 3030 
13.12.2021, 13:11:02 - INFO - Server is running on port: 3030 
13.12.2021, 13:12:10 - INFO - Server is running on port: 3030 
13.12.2021, 13:12:14 - INFO - Server is running on port: 3030 
13.12.2021, 13:12:24 - INFO - Server is running on port: 3030 
13.12.2021, 13:13:46 - INFO - Server is running on port: 3030 
13.12.2021, 18:34:10 - INFO - Server is running on port: 3030 
13.12.2021, 18:36:42 - INFO - Server is running on port: 3030 
13.12.2021, 18:36:53 - INFO - Server is running on port: 3030 
13.12.2021, 18:37:17 - INFO - Server is running on port: 3030 
13.12.2021, 18:37:33 - INFO - Server is running on port: 3030 
13.12.2021, 18:37:55 - INFO - Server is running on port: 3030 
13.12.2021, 18:38:17 - INFO - Server is running on port: 3030 
13.12.2021, 18:38:19 - INFO - Server is running on port: 3030 
13.12.2021, 18:38:24 - INFO - Server is running on port: 3030 
13.12.2021, 18:39:03 - INFO - Server is running on port: 3030 
13.12.2021, 18:39:04 - INFO - Server is running on port: 3030 
13.12.2021, 18:39:06 - INFO - Server is running on port: 3030 
13.12.2021, 18:39:14 - INFO - Server is running on port: 3030 
13.12.2021, 18:39:16 - INFO - Server is running on port: 3030 
13.12.2021, 18:39:18 - INFO - Server is running on port: 3030 
13.12.2021, 18:39:23 - INFO - Server is running on port: 3030 
13.12.2021, 19:04:59 - INFO - Server is running on port: 3030 
13.12.2021, 19:05:14 - INFO - Server is running on port: 3030 
13.12.2021, 19:14:49 - INFO - Server is running on port: 3030 
13.12.2021, 19:14:57 - INFO - Server is running on port: 3030 
13.12.2021, 19:15:16 - INFO - Server is running on port: 3030 
13.12.2021, 19:15:42 - INFO - Server is running on port: 3030 
13.12.2021, 19:15:50 - INFO - Server is running on port: 3030 
13.12.2021, 19:17:54 - INFO - Server is running on port: 3030 
13.12.2021, 19:18:06 - INFO - Server is running on port: 3030 
13.12.2021, 19:18:12 - INFO - Server is running on port: 3030 
13.12.2021, 19:20:21 - INFO - Server is running on port: 3030 
13.12.2021, 19:38:56 - INFO - Server is running on port: 3030 
13.12.2021, 19:39:31 - INFO - Server is running on port: 3030 
13.12.2021, 19:39:57 - INFO - Server is running on port: 3030 
13.12.2021, 19:49:16 - INFO - Server is running on port: 3030 
13.12.2021, 19:49:49 - INFO - Server is running on port: 3030 
13.12.2021, 19:51:03 - INFO - Server is running on port: 3030 
13.12.2021, 19:51:22 - INFO - Server is running on port: 3030 
13.12.2021, 19:51:47 - INFO - Server is running on port: 3030 
13.12.2021, 19:51:48 - INFO - Server is running on port: 3030 
13.12.2021, 19:52:00 - INFO - Server is running on port: 3030 
13.12.2021, 19:52:16 - INFO - Server is running on port: 3030 
13.12.2021, 19:52:26 - INFO - Server is running on port: 3030 
13.12.2021, 19:52:39 - INFO - Server is running on port: 3030 
13.12.2021, 19:52:44 - INFO - Server is running on port: 3030 
13.12.2021, 19:53:14 - INFO - Server is running on port: 3030 
13.12.2021, 21:06:34 - INFO - Server is running on port: 3030 
13.12.2021, 21:06:47 - INFO - Server is running on port: 3030 
13.12.2021, 21:07:01 - INFO - Server is running on port: 3030 
13.12.2021, 21:07:09 - INFO - Server is running on port: 3030 
13.12.2021, 21:07:20 - INFO - Server is running on port: 3030 
13.12.2021, 21:07:23 - INFO - Server is running on port: 3030 
13.12.2021, 21:08:00 - INFO - Server is running on port: 3030 
13.12.2021, 21:08:22 - INFO - Server is running on port: 3030 
13.12.2021, 21:08:49 - INFO - Server is running on port: 3030 
13.12.2021, 21:09:21 - INFO - Server is running on port: 3030 
13.12.2021, 21:10:17 - INFO - Server is running on port: 3030 
13.12.2021, 21:10:38 - INFO - Server is running on port: 3030 
13.12.2021, 21:10:53 - INFO - Server is running on port: 3030 
13.12.2021, 21:11:02 - INFO - Server is running on port: 3030 
13.12.2021, 21:11:20 - INFO - Server is running on port: 3030 
13.12.2021, 21:18:02 - INFO - Server is running on port: 3030 
13.12.2021, 21:18:17 - INFO - Server is running on port: 3030 
13.12.2021, 21:18:39 - INFO - Server is running on port: 3030 
13.12.2021, 21:18:49 - INFO - Server is running on port: 3030 
13.12.2021, 21:19:49 - INFO - Server is running on port: 3030 
13.12.2021, 21:20:20 - INFO - Server is running on port: 3030 
13.12.2021, 21:21:48 - INFO - Server is running on port: 3030 
13.12.2021, 21:23:45 - INFO - Server is running on port: 3030 
13.12.2021, 21:24:46 - INFO - Server is running on port: 3030 
13.12.2021, 21:25:46 - INFO - Server is running on port: 3030 
13.12.2021, 21:25:56 - INFO - Server is running on port: 3030 
13.12.2021, 21:26:07 - INFO - Server is running on port: 3030 
13.12.2021, 21:28:28 - INFO - Server is running on port: 3030 
13.12.2021, 21:29:43 - INFO - Server is running on port: 3030 
13.12.2021, 21:31:11 - INFO - Server is running on port: 3030 
13.12.2021, 21:40:14 - INFO - Server is running on port: 3030 
13.12.2021, 21:40:32 - INFO - Server is running on port: 3030 
13.12.2021, 21:44:28 - INFO - Server is running on port: 3030 
13.12.2021, 21:44:48 - INFO - Server is running on port: 3030 
13.12.2021, 21:45:16 - INFO - Server is running on port: 3030 
13.12.2021, 21:45:45 - INFO - Server is running on port: 3030 
13.12.2021, 21:46:44 - INFO - Server is running on port: 3030 
13.12.2021, 21:47:19 - INFO - Server is running on port: 3030 
13.12.2021, 21:48:04 - INFO - Server is running on port: 3030 
13.12.2021, 21:49:41 - INFO - Server is running on port: 3030 
13.12.2021, 21:49:45 - INFO - Server is running on port: 3030 
13.12.2021, 21:50:02 - INFO - Server is running on port: 3030 
13.12.2021, 21:50:28 - INFO - Server is running on port: 3030 
13.12.2021, 21:51:31 - INFO - Server is running on port: 3030 
13.12.2021, 21:51:37 - INFO - Server is running on port: 3030 
13.12.2021, 21:51:42 - INFO - Server is running on port: 3030 
13.12.2021, 21:52:45 - INFO - Server is running on port: 3030 
13.12.2021, 21:53:38 - INFO - Server is running on port: 3030 
13.12.2021, 21:54:01 - INFO - Server is running on port: 3030 
13.12.2021, 21:54:05 - INFO - Server is running on port: 3030 
13.12.2021, 21:54:11 - ERROR - Failed to get note dataReferenceError: filterBy is not defined 
13.12.2021, 21:54:20 - ERROR - Failed to get note dataReferenceError: filterBy is not defined 
13.12.2021, 21:54:26 - ERROR - Failed to get note dataReferenceError: filterBy is not defined 
13.12.2021, 21:54:45 - INFO - Server is running on port: 3030 
13.12.2021, 21:55:38 - INFO - Server is running on port: 3030 
13.12.2021, 21:55:59 - INFO - Server is running on port: 3030 
13.12.2021, 21:56:03 - INFO - Server is running on port: 3030 
13.12.2021, 21:56:36 - INFO - Server is running on port: 3030 
13.12.2021, 21:57:03 - ERROR - Failed to get note dataReferenceError: filterBy is not defined 
13.12.2021, 21:57:17 - ERROR - Failed to get note dataReferenceError: filterBy is not defined 
13.12.2021, 21:57:42 - INFO - Server is running on port: 3030 
13.12.2021, 21:57:59 - INFO - Server is running on port: 3030 
13.12.2021, 21:59:33 - INFO - Server is running on port: 3030 
13.12.2021, 21:59:40 - INFO - Server is running on port: 3030 
13.12.2021, 21:59:43 - INFO - Server is running on port: 3030 
13.12.2021, 22:02:01 - INFO - Server is running on port: 3030 
13.12.2021, 22:02:11 - INFO - Server is running on port: 3030 
13.12.2021, 22:02:18 - INFO - Server is running on port: 3030 
13.12.2021, 22:03:10 - INFO - Server is running on port: 3030 
13.12.2021, 22:03:29 - INFO - Server is running on port: 3030 
13.12.2021, 22:04:20 - INFO - Server is running on port: 3030 
13.12.2021, 22:04:36 - INFO - Server is running on port: 3030 
13.12.2021, 22:06:44 - INFO - Server is running on port: 3030 
13.12.2021, 22:06:58 - INFO - Server is running on port: 3030 
13.12.2021, 22:09:56 - INFO - Server is running on port: 3030 
13.12.2021, 22:10:08 - INFO - Server is running on port: 3030 
13.12.2021, 22:10:25 - INFO - Server is running on port: 3030 
13.12.2021, 22:13:07 - INFO - Server is running on port: 3030 
13.12.2021, 22:13:10 - INFO - Server is running on port: 3030 
13.12.2021, 22:13:54 - INFO - Server is running on port: 3030 
13.12.2021, 22:13:58 - INFO - Server is running on port: 3030 
13.12.2021, 22:14:06 - INFO - Server is running on port: 3030 
13.12.2021, 22:14:10 - INFO - Server is running on port: 3030 
13.12.2021, 22:14:18 - INFO - Server is running on port: 3030 
13.12.2021, 22:18:01 - INFO - Server is running on port: 3030 
13.12.2021, 22:18:32 - ERROR - cannot find user | TypeError: collection.findOne(...).toArray is not a function 
13.12.2021, 22:18:32 - ERROR - Failed to get user dataTypeError: collection.findOne(...).toArray is not a function 
13.12.2021, 22:19:13 - ERROR - cannot find user | TypeError: collection.findOne(...).toArray is not a function 
13.12.2021, 22:19:13 - ERROR - Failed to get user dataTypeError: collection.findOne(...).toArray is not a function 
13.12.2021, 22:19:20 - ERROR - cannot find user | TypeError: collection.findOne(...).toArray is not a function 
13.12.2021, 22:19:20 - ERROR - Failed to get user dataTypeError: collection.findOne(...).toArray is not a function 
13.12.2021, 22:19:45 - ERROR - cannot find user | TypeError: collection.findOne(...).toArray is not a function 
13.12.2021, 22:19:45 - ERROR - Failed to get user dataTypeError: collection.findOne(...).toArray is not a function 
13.12.2021, 22:19:49 - ERROR - cannot find user | TypeError: collection.findOne(...).toArray is not a function 
13.12.2021, 22:19:49 - ERROR - Failed to get user dataTypeError: collection.findOne(...).toArray is not a function 
13.12.2021, 22:20:21 - ERROR - cannot find user | TypeError: collection.findOne(...).toArray is not a function 
13.12.2021, 22:20:21 - ERROR - Failed to get user dataTypeError: collection.findOne(...).toArray is not a function 
13.12.2021, 22:20:24 - ERROR - cannot find user | TypeError: collection.findOne(...).toArray is not a function 
13.12.2021, 22:20:24 - ERROR - Failed to get user dataTypeError: collection.findOne(...).toArray is not a function 
13.12.2021, 22:20:40 - ERROR - cannot find user | TypeError: collection.findOne(...).toArray is not a function 
13.12.2021, 22:20:40 - ERROR - Failed to get user dataTypeError: collection.findOne(...).toArray is not a function 
13.12.2021, 22:21:20 - INFO - Server is running on port: 3030 
13.12.2021, 22:21:28 - ERROR - cannot find user | TypeError: Cannot convert undefined or null to object 
13.12.2021, 22:21:28 - ERROR - Failed to get user dataTypeError: Cannot convert undefined or null to object 
13.12.2021, 22:24:40 - INFO - Server is running on port: 3030 
13.12.2021, 22:24:47 - INFO - Server is running on port: 3030 
13.12.2021, 22:24:52 - ERROR - cannot find user | TypeError: Cannot convert undefined or null to object 
13.12.2021, 22:24:52 - ERROR - Failed to get user dataTypeError: Cannot convert undefined or null to object 
13.12.2021, 22:25:17 - INFO - Server is running on port: 3030 
13.12.2021, 22:26:55 - INFO - Server is running on port: 3030 
13.12.2021, 22:27:11 - INFO - Server is running on port: 3030 
13.12.2021, 22:27:31 - INFO - Server is running on port: 3030 
13.12.2021, 22:27:41 - INFO - Server is running on port: 3030 
13.12.2021, 22:28:07 - INFO - Server is running on port: 3030 
13.12.2021, 22:28:12 - INFO - Server is running on port: 3030 
13.12.2021, 22:28:26 - INFO - Server is running on port: 3030 
13.12.2021, 22:29:14 - INFO - Server is running on port: 3030 
14.12.2021, 13:31:24 - INFO - Server is running on port: 3030 
14.12.2021, 13:49:55 - INFO - Server is running on port: 3030 
14.12.2021, 13:50:17 - INFO - Server is running on port: 3030 
14.12.2021, 14:03:16 - INFO - Server is running on port: 3030 
14.12.2021, 14:03:21 - ERROR - cannot find user | TypeError: Cannot convert undefined or null to object 
14.12.2021, 14:03:21 - ERROR - Failed to get user dataTypeError: Cannot convert undefined or null to object 
14.12.2021, 14:03:22 - ERROR - cannot find user | TypeError: Cannot convert undefined or null to object 
14.12.2021, 14:03:22 - ERROR - Failed to get user dataTypeError: Cannot convert undefined or null to object 
14.12.2021, 14:03:26 - ERROR - cannot find user | TypeError: Cannot convert undefined or null to object 
14.12.2021, 14:03:26 - ERROR - Failed to get user dataTypeError: Cannot convert undefined or null to object 
14.12.2021, 14:03:33 - ERROR - cannot find user | TypeError: Cannot convert undefined or null to object 
14.12.2021, 14:03:33 - ERROR - Failed to get user dataTypeError: Cannot convert undefined or null to object 
14.12.2021, 14:03:45 - INFO - Server is running on port: 3030 
14.12.2021, 14:03:47 - ERROR - cannot find user | TypeError: Cannot convert undefined or null to object 
14.12.2021, 14:03:47 - ERROR - Failed to get user dataTypeError: Cannot convert undefined or null to object 
14.12.2021, 14:03:56 - INFO - Server is running on port: 3030 
14.12.2021, 14:05:29 - ERROR - cannot find user | TypeError: Cannot convert undefined or null to object 
14.12.2021, 14:05:29 - ERROR - Failed to get user dataTypeError: Cannot convert undefined or null to object 
